INFO 2025-09-07 05:18:35,112 autoreload 96867 8402542784 Watching for file changes with StatReloader
INFO 2025-09-07 05:18:55,450 autoreload 96867 8402542784 /Users/sumesh/Documents/Projects/Red/RedCurtainsWebBackend/core/admin.py changed, reloading.
INFO 2025-09-07 05:18:55,821 autoreload 97184 8402542784 Watching for file changes with StatReloader
INFO 2025-09-07 05:19:02,016 autoreload 97184 8402542784 /Users/sumesh/Documents/Projects/Red/RedCurtainsWebBackend/core/admin.py changed, reloading.
INFO 2025-09-07 05:19:02,364 autoreload 97291 8402542784 Watching for file changes with StatReloader
INFO 2025-09-07 05:19:03,438 autoreload 97291 8402542784 /Users/sumesh/Documents/Projects/Red/RedCurtainsWebBackend/core/admin.py changed, reloading.
INFO 2025-09-07 05:19:03,684 autoreload 97317 8402542784 Watching for file changes with StatReloader
INFO 2025-09-07 05:19:08,986 autoreload 97678 8402542784 Watching for file changes with StatReloader
INFO 2025-09-07 05:19:24,406 autoreload 97678 8402542784 /Users/sumesh/Documents/Projects/Red/RedCurtainsWebBackend/moviepoll/settings.py changed, reloading.
INFO 2025-09-07 05:19:24,831 autoreload 97919 8402542784 Watching for file changes with StatReloader
INFO 2025-09-07 05:19:28,332 autoreload 98002 8402542784 Watching for file changes with StatReloader
INFO 2025-09-07 05:20:09,957 autoreload 97919 8402542784 /Users/sumesh/Documents/Projects/Red/RedCurtainsWebBackend/core/views.py changed, reloading.
INFO 2025-09-07 05:20:10,368 autoreload 98724 8402542784 Watching for file changes with StatReloader
INFO 2025-09-07 05:20:14,720 autoreload 98818 8402542784 Watching for file changes with StatReloader
INFO 2025-09-07 05:20:40,403 autoreload 98724 8402542784 /Users/sumesh/Documents/Projects/Red/RedCurtainsWebBackend/core/admin.py changed, reloading.
INFO 2025-09-07 05:20:40,861 autoreload 99262 8402542784 Watching for file changes with StatReloader
INFO 2025-09-07 05:20:43,522 autoreload 99331 8402542784 Watching for file changes with StatReloader
INFO 2025-09-07 05:21:08,631 autoreload 99262 8402542784 /Users/sumesh/Documents/Projects/Red/RedCurtainsWebBackend/moviepoll/settings.py changed, reloading.
INFO 2025-09-07 05:21:09,145 autoreload 99773 8402542784 Watching for file changes with StatReloader
INFO 2025-09-07 05:21:31,836 autoreload 99773 8402542784 /Users/sumesh/Documents/Projects/Red/RedCurtainsWebBackend/core/admin.py changed, reloading.
INFO 2025-09-07 05:21:32,187 autoreload 252 8402542784 Watching for file changes with StatReloader
INFO 2025-09-07 05:21:51,403 autoreload 932 8402542784 Watching for file changes with StatReloader
WARNING 2025-09-07 05:22:03,487 log 932 6194163712 Not Found: /
WARNING 2025-09-07 05:22:03,494 basehttp 932 6194163712 "GET / HTTP/1.1" 404 2307
WARNING 2025-09-07 05:22:03,770 log 932 6194163712 Not Found: /favicon.ico
WARNING 2025-09-07 05:22:03,770 basehttp 932 6194163712 "GET /favicon.ico HTTP/1.1" 404 2358
WARNING 2025-09-07 05:22:09,856 log 932 6210990080 Not Found: /apple-touch-icon-precomposed.png
WARNING 2025-09-07 05:22:09,858 log 932 6244642816 Not Found: /favicon.ico
WARNING 2025-09-07 05:22:09,860 log 932 6227816448 Not Found: /apple-touch-icon.png
WARNING 2025-09-07 05:22:09,861 basehttp 932 6210990080 "GET /apple-touch-icon-precomposed.png HTTP/1.1" 404 2421
WARNING 2025-09-07 05:22:09,861 basehttp 932 6244642816 "GET /favicon.ico HTTP/1.1" 404 2358
WARNING 2025-09-07 05:22:09,861 basehttp 932 6227816448 "GET /apple-touch-icon.png HTTP/1.1" 404 2385
WARNING 2025-09-07 05:22:21,329 log 932 6261469184 Not Found: /
WARNING 2025-09-07 05:22:21,330 basehttp 932 6261469184 "GET / HTTP/1.1" 404 2307
WARNING 2025-09-07 05:22:21,585 log 932 6261469184 Not Found: /favicon.ico
WARNING 2025-09-07 05:22:21,585 basehttp 932 6261469184 "GET /favicon.ico HTTP/1.1" 404 2358
INFO 2025-09-07 05:23:22,968 autoreload 932 8402542784 /Users/sumesh/Documents/Projects/Red/RedCurtainsWebBackend/core/views.py changed, reloading.
INFO 2025-09-07 05:23:23,393 autoreload 2386 8402542784 Watching for file changes with StatReloader
INFO 2025-09-07 05:24:03,318 basehttp 2386 6198439936 "GET /admin HTTP/1.1" 301 0
INFO 2025-09-07 05:24:03,334 basehttp 2386 6215266304 "GET /admin/ HTTP/1.1" 302 0
INFO 2025-09-07 05:24:03,409 basehttp 2386 6215266304 "GET /admin/login/?next=/admin/ HTTP/1.1" 200 4170
INFO 2025-09-07 05:24:03,458 basehttp 2386 6198439936 "GET /static/admin/css/dark_mode.css HTTP/1.1" 200 2808
INFO 2025-09-07 05:24:03,460 basehttp 2386 6248919040 "GET /static/admin/css/login.css HTTP/1.1" 200 951
INFO 2025-09-07 05:24:03,461 basehttp 2386 6232092672 "GET /static/admin/css/nav_sidebar.css HTTP/1.1" 200 2810
INFO 2025-09-07 05:24:03,462 basehttp 2386 6215266304 "GET /static/admin/css/base.css HTTP/1.1" 200 22120
INFO 2025-09-07 05:24:03,463 basehttp 2386 6265745408 "GET /static/admin/css/responsive.css HTTP/1.1" 200 16565
INFO 2025-09-07 05:24:03,463 basehttp 2386 6282571776 "GET /static/admin/js/theme.js HTTP/1.1" 200 1653
INFO 2025-09-07 05:24:03,466 basehttp 2386 6282571776 "GET /static/admin/js/nav_sidebar.js HTTP/1.1" 200 3063
INFO 2025-09-07 05:25:04,101 autoreload 2386 8402542784 /Users/sumesh/Documents/Projects/Red/RedCurtainsWebBackend/core/models.py changed, reloading.
INFO 2025-09-07 05:25:04,430 autoreload 4002 8402542784 Watching for file changes with StatReloader
INFO 2025-09-07 05:25:06,560 autoreload 4002 8402542784 /Users/sumesh/Documents/Projects/Red/RedCurtainsWebBackend/core/models.py changed, reloading.
INFO 2025-09-07 05:25:06,801 autoreload 4042 8402542784 Watching for file changes with StatReloader
INFO 2025-09-07 05:25:09,951 autoreload 4042 8402542784 /Users/sumesh/Documents/Projects/Red/RedCurtainsWebBackend/core/models.py changed, reloading.
INFO 2025-09-07 05:25:10,198 autoreload 4091 8402542784 Watching for file changes with StatReloader
INFO 2025-09-07 05:25:19,568 autoreload 4091 8402542784 /Users/sumesh/Documents/Projects/Red/RedCurtainsWebBackend/core/models.py changed, reloading.
INFO 2025-09-07 05:25:19,848 autoreload 4334 8402542784 Watching for file changes with StatReloader
INFO 2025-09-07 05:25:34,390 autoreload 4779 8402542784 Watching for file changes with StatReloader
INFO 2025-09-07 05:26:10,312 autoreload 4779 8402542784 /Users/sumesh/Documents/Projects/Red/RedCurtainsWebBackend/core/migrations/0001_initial.py changed, reloading.
INFO 2025-09-07 05:26:10,577 autoreload 5480 8402542784 Watching for file changes with StatReloader
INFO 2025-09-07 05:26:48,407 autoreload 6589 8402542784 Watching for file changes with StatReloader
WARNING 2025-09-07 05:26:59,795 log 6589 6127857664 Not Found: /
WARNING 2025-09-07 05:26:59,797 basehttp 6589 6127857664 "GET / HTTP/1.1" 404 2307
WARNING 2025-09-07 05:27:02,713 log 6589 6127857664 Not Found: /red
WARNING 2025-09-07 05:27:02,714 basehttp 6589 6127857664 "GET /red HTTP/1.1" 404 2334
INFO 2025-09-07 05:27:07,158 basehttp 6589 6144684032 "GET /admin/ HTTP/1.1" 302 0
INFO 2025-09-07 05:27:07,187 basehttp 6589 6144684032 "GET /admin/login/?next=/admin/ HTTP/1.1" 200 4170
INFO 2025-09-07 05:27:13,407 basehttp 6589 6127857664 "POST /admin/login/?next=/admin/ HTTP/1.1" 302 0
INFO 2025-09-07 05:27:13,426 basehttp 6589 6127857664 "GET /admin/ HTTP/1.1" 200 8295
INFO 2025-09-07 05:27:13,471 basehttp 6589 6127857664 "GET /static/admin/css/dashboard.css HTTP/1.1" 200 441
INFO 2025-09-07 05:27:13,492 basehttp 6589 6144684032 "GET /static/admin/img/icon-changelink.svg HTTP/1.1" 200 380
INFO 2025-09-07 05:27:13,493 basehttp 6589 6127857664 "GET /static/admin/img/icon-addlink.svg HTTP/1.1" 200 331
INFO 2025-09-07 06:13:31,302 basehttp 6589 6127857664 "OPTIONS /api/auth/register/ HTTP/1.1" 200 0
WARNING 2025-09-07 06:13:31,394 log 6589 6127857664 Bad Request: /api/auth/register/
WARNING 2025-09-07 06:13:31,394 basehttp 6589 6127857664 "POST /api/auth/register/ HTTP/1.1" 400 216
WARNING 2025-09-07 06:13:41,183 log 6589 6161510400 Bad Request: /api/auth/register/
WARNING 2025-09-07 06:13:41,184 basehttp 6589 6161510400 "POST /api/auth/register/ HTTP/1.1" 400 216
WARNING 2025-09-07 06:19:09,414 log 6589 6127857664 Not Found: /api/health/
WARNING 2025-09-07 06:19:09,416 basehttp 6589 6127857664 "GET /api/health/ HTTP/1.1" 404 17977
INFO 2025-09-07 06:19:21,339 basehttp 6589 6144684032 "GET /api/polls/ HTTP/1.1" 200 52
INFO 2025-09-07 06:19:38,825 basehttp 6589 6161510400 "POST /api/auth/register/ HTTP/1.1" 201 565
WARNING 2025-09-07 06:19:45,482 log 6589 6127857664 Bad Request: /api/auth/login/
WARNING 2025-09-07 06:19:45,482 basehttp 6589 6127857664 "POST /api/auth/login/ HTTP/1.1" 400 95
INFO 2025-09-07 06:20:50,376 basehttp 6589 6144684032 "POST /api/auth/login/ HTTP/1.1" 200 608
INFO 2025-09-07 06:21:02,133 basehttp 6589 6161510400 "GET /api/polls/ HTTP/1.1" 200 52
INFO 2025-09-07 06:23:18,162 autoreload 56267 8402542784 Watching for file changes with StatReloader
WARNING 2025-09-07 06:23:47,272 log 6589 6178336768 Bad Request: /api/auth/register/
WARNING 2025-09-07 06:23:47,273 basehttp 6589 6178336768 "POST /api/auth/register/ HTTP/1.1" 400 216
WARNING 2025-09-07 06:24:35,517 log 6589 6195163136 Bad Request: /api/auth/register/
WARNING 2025-09-07 06:24:35,522 basehttp 6589 6195163136 "POST /api/auth/register/ HTTP/1.1" 400 110
INFO 2025-09-07 06:25:29,886 autoreload 6589 8402542784 /Users/sumesh/Documents/Projects/Red/RedCurtainsWebBackend/core/serializers.py changed, reloading.
INFO 2025-09-07 06:25:30,385 autoreload 58178 8402542784 Watching for file changes with StatReloader
INFO 2025-09-07 06:25:34,606 autoreload 58178 8402542784 /Users/sumesh/Documents/Projects/Red/RedCurtainsWebBackend/core/serializers.py changed, reloading.
INFO 2025-09-07 06:25:34,822 autoreload 58250 8402542784 Watching for file changes with StatReloader
INFO 2025-09-07 06:26:25,333 autoreload 58250 8402542784 /Users/sumesh/Documents/Projects/Red/RedCurtainsWebBackend/core/serializers.py changed, reloading.
INFO 2025-09-07 06:26:25,687 autoreload 58943 8402542784 Watching for file changes with StatReloader
INFO 2025-09-07 06:27:13,591 basehttp 58943 6195818496 "POST /api/auth/register/ HTTP/1.1" 201 586
INFO 2025-09-07 06:27:13,608 basehttp 58943 6195818496 "OPTIONS /api/auth/login/ HTTP/1.1" 200 0
INFO 2025-09-07 06:27:13,853 basehttp 58943 6195818496 "POST /api/auth/login/ HTTP/1.1" 200 629
INFO 2025-09-07 06:27:13,898 basehttp 58943 6195818496 "OPTIONS /api/polls/ HTTP/1.1" 200 0
INFO 2025-09-07 06:27:13,909 basehttp 58943 6195818496 "OPTIONS /api/polls/ HTTP/1.1" 200 0
INFO 2025-09-07 06:27:13,925 basehttp 58943 6195818496 "GET /api/polls/ HTTP/1.1" 200 52
INFO 2025-09-07 06:27:13,936 basehttp 58943 6212644864 "GET /api/polls/ HTTP/1.1" 200 52
INFO 2025-09-07 06:27:29,205 basehttp 58943 6195818496 "GET /api/polls/ HTTP/1.1" 200 52
INFO 2025-09-07 06:27:29,209 basehttp 58943 6212644864 "GET /api/polls/ HTTP/1.1" 200 52
INFO 2025-09-07 06:28:08,472 basehttp 58943 6229471232 "GET /api/polls/ HTTP/1.1" 200 52
INFO 2025-09-07 06:28:08,476 basehttp 58943 6246297600 "GET /api/polls/ HTTP/1.1" 200 52
INFO 2025-09-07 06:28:25,812 basehttp 58943 6263123968 "GET /api/polls/ HTTP/1.1" 200 52
INFO 2025-09-07 06:28:45,040 basehttp 58943 6195818496 "GET /api/polls/ HTTP/1.1" 200 52
INFO 2025-09-07 06:28:45,050 basehttp 58943 6195818496 "GET /api/polls/ HTTP/1.1" 200 52
INFO 2025-09-07 06:28:45,792 basehttp 58943 6195818496 "GET /api/polls/ HTTP/1.1" 200 52
INFO 2025-09-07 06:28:45,802 basehttp 58943 6212644864 "GET /api/polls/ HTTP/1.1" 200 52
INFO 2025-09-07 06:28:47,254 basehttp 58943 6212644864 "GET /api/polls/ HTTP/1.1" 200 52
INFO 2025-09-07 06:28:47,259 basehttp 58943 6195818496 "GET /api/polls/ HTTP/1.1" 200 52
INFO 2025-09-07 06:28:47,970 basehttp 58943 6195818496 "GET /api/polls/ HTTP/1.1" 200 52
INFO 2025-09-07 06:28:47,973 basehttp 58943 6212644864 "GET /api/polls/ HTTP/1.1" 200 52
INFO 2025-09-07 06:29:02,906 basehttp 58943 6229471232 "GET /api/polls/ HTTP/1.1" 200 52
INFO 2025-09-07 06:29:02,916 basehttp 58943 6246297600 "GET /api/polls/ HTTP/1.1" 200 52
INFO 2025-09-07 06:29:35,073 basehttp 58943 6195818496 "GET /api/polls/ HTTP/1.1" 200 52
INFO 2025-09-07 06:29:35,079 basehttp 58943 6212644864 "GET /api/polls/ HTTP/1.1" 200 52
INFO 2025-09-07 06:29:35,752 basehttp 58943 6212644864 "GET /api/polls/ HTTP/1.1" 200 52
INFO 2025-09-07 06:29:35,758 basehttp 58943 6195818496 "GET /api/polls/ HTTP/1.1" 200 52
INFO 2025-09-07 06:29:36,390 basehttp 58943 6195818496 "GET /api/polls/ HTTP/1.1" 200 52
INFO 2025-09-07 06:29:36,396 basehttp 58943 6212644864 "GET /api/polls/ HTTP/1.1" 200 52
INFO 2025-09-07 06:32:42,213 basehttp 58943 6229471232 "GET /api/polls/ HTTP/1.1" 200 52
INFO 2025-09-07 06:32:42,219 basehttp 58943 6263123968 "GET /api/polls/ HTTP/1.1" 200 52
INFO 2025-09-07 06:33:19,876 basehttp 58943 6195818496 "GET /api/polls/ HTTP/1.1" 200 52
INFO 2025-09-07 06:59:27,762 basehttp 58943 6212644864 "POST /api/auth/login/ HTTP/1.1" 200 629
INFO 2025-09-07 06:59:27,817 basehttp 58943 6212644864 "GET /api/polls/ HTTP/1.1" 200 52
INFO 2025-09-07 06:59:27,826 basehttp 58943 6229471232 "GET /api/polls/ HTTP/1.1" 200 52
INFO 2025-09-07 06:59:59,519 basehttp 58943 6246297600 "POST /api/auth/login/ HTTP/1.1" 200 629
INFO 2025-09-07 06:59:59,578 basehttp 58943 6246297600 "GET /api/polls/ HTTP/1.1" 200 52
INFO 2025-09-07 06:59:59,593 basehttp 58943 6263123968 "GET /api/polls/ HTTP/1.1" 200 52
INFO 2025-09-07 07:00:40,558 basehttp 58943 6195818496 "GET /api/polls/ HTTP/1.1" 200 52
INFO 2025-09-07 07:00:40,565 basehttp 58943 6212644864 "GET /api/polls/ HTTP/1.1" 200 52
INFO 2025-09-07 07:05:41,784 basehttp 58943 6229471232 "GET /api/polls/ HTTP/1.1" 200 52
INFO 2025-09-07 07:05:41,789 basehttp 58943 6246297600 "GET /api/polls/ HTTP/1.1" 200 52
INFO 2025-09-07 07:05:42,726 basehttp 58943 6246297600 "GET /api/polls/ HTTP/1.1" 200 52
INFO 2025-09-07 07:05:42,730 basehttp 58943 6229471232 "GET /api/polls/ HTTP/1.1" 200 52
INFO 2025-09-07 07:05:43,667 basehttp 58943 6229471232 "GET /api/polls/ HTTP/1.1" 200 52
INFO 2025-09-07 07:05:43,670 basehttp 58943 6246297600 "GET /api/polls/ HTTP/1.1" 200 52
INFO 2025-09-07 07:05:44,371 basehttp 58943 6246297600 "GET /api/polls/ HTTP/1.1" 200 52
INFO 2025-09-07 07:05:44,378 basehttp 58943 6229471232 "GET /api/polls/ HTTP/1.1" 200 52
INFO 2025-09-07 07:05:45,934 basehttp 58943 6195818496 "GET /api/polls/ HTTP/1.1" 200 52
INFO 2025-09-07 07:05:45,939 basehttp 58943 6212644864 "GET /api/polls/ HTTP/1.1" 200 52
INFO 2025-09-07 07:06:45,461 basehttp 58943 6229471232 "GET /api/polls/ HTTP/1.1" 200 52
INFO 2025-09-07 07:06:56,171 basehttp 58943 6246297600 "GET /api/polls/ HTTP/1.1" 200 52
INFO 2025-09-07 07:06:56,187 basehttp 58943 6263123968 "GET /api/polls/ HTTP/1.1" 200 52
INFO 2025-09-07 07:06:57,392 basehttp 58943 6263123968 "GET /api/polls/ HTTP/1.1" 200 52
INFO 2025-09-07 07:06:57,400 basehttp 58943 6246297600 "GET /api/polls/ HTTP/1.1" 200 52
INFO 2025-09-07 07:06:57,948 basehttp 58943 6246297600 "GET /api/polls/ HTTP/1.1" 200 52
INFO 2025-09-07 07:06:58,074 basehttp 58943 6246297600 "GET /api/polls/ HTTP/1.1" 200 52
INFO 2025-09-07 07:06:59,855 basehttp 58943 6246297600 "GET /api/polls/ HTTP/1.1" 200 52
INFO 2025-09-07 07:06:59,948 basehttp 58943 6246297600 "GET /api/polls/ HTTP/1.1" 200 52
INFO 2025-09-07 07:08:34,614 basehttp 58943 6195818496 "GET /api/polls/ HTTP/1.1" 200 52
INFO 2025-09-07 07:08:34,624 basehttp 58943 6212644864 "GET /api/polls/ HTTP/1.1" 200 52
INFO 2025-09-07 07:08:35,471 basehttp 58943 6229471232 "GET /api/polls/ HTTP/1.1" 200 52
INFO 2025-09-07 07:08:35,484 basehttp 58943 6246297600 "GET /api/polls/ HTTP/1.1" 200 52
INFO 2025-09-07 07:08:36,750 basehttp 58943 6246297600 "GET /api/polls/ HTTP/1.1" 200 52
INFO 2025-09-07 07:08:36,768 basehttp 58943 6229471232 "GET /api/polls/ HTTP/1.1" 200 52
INFO 2025-09-07 07:11:02,297 basehttp 58943 6195818496 "GET /api/polls/ HTTP/1.1" 200 52
INFO 2025-09-07 07:11:02,301 basehttp 58943 6212644864 "GET /api/polls/ HTTP/1.1" 200 52
INFO 2025-09-07 07:11:03,287 basehttp 58943 6212644864 "GET /api/polls/ HTTP/1.1" 200 52
INFO 2025-09-07 07:11:03,301 basehttp 58943 6195818496 "GET /api/polls/ HTTP/1.1" 200 52
INFO 2025-09-07 07:11:22,470 basehttp 58943 6229471232 "GET /api/polls/ HTTP/1.1" 200 52
INFO 2025-09-07 07:11:22,477 basehttp 58943 6263123968 "GET /api/polls/ HTTP/1.1" 200 52
INFO 2025-09-07 07:11:28,013 basehttp 58943 6195818496 "GET /api/polls/ HTTP/1.1" 200 52
INFO 2025-09-07 07:11:28,021 basehttp 58943 6212644864 "GET /api/polls/ HTTP/1.1" 200 52
INFO 2025-09-07 07:11:29,225 basehttp 58943 6212644864 "GET /api/polls/ HTTP/1.1" 200 52
INFO 2025-09-07 07:11:29,231 basehttp 58943 6195818496 "GET /api/polls/ HTTP/1.1" 200 52
INFO 2025-09-07 07:12:01,702 basehttp 58943 6229471232 "GET /api/polls/ HTTP/1.1" 200 52
INFO 2025-09-07 07:12:13,706 basehttp 58943 6246297600 "GET /api/polls/ HTTP/1.1" 200 52
INFO 2025-09-07 07:12:27,901 basehttp 58943 6263123968 "GET /api/polls/ HTTP/1.1" 200 52
INFO 2025-09-07 07:12:27,914 basehttp 58943 6279950336 "GET /api/polls/ HTTP/1.1" 200 52
INFO 2025-09-07 07:12:29,045 basehttp 58943 6279950336 "GET /api/polls/ HTTP/1.1" 200 52
INFO 2025-09-07 07:12:29,049 basehttp 58943 6263123968 "GET /api/polls/ HTTP/1.1" 200 52
INFO 2025-09-07 07:12:31,979 basehttp 58943 6195818496 "GET /api/polls/ HTTP/1.1" 200 52
INFO 2025-09-07 07:12:31,984 basehttp 58943 6212644864 "GET /api/polls/ HTTP/1.1" 200 52
INFO 2025-09-07 07:12:33,740 basehttp 58943 6212644864 "GET /api/polls/ HTTP/1.1" 200 52
INFO 2025-09-07 07:12:33,745 basehttp 58943 6195818496 "GET /api/polls/ HTTP/1.1" 200 52
INFO 2025-09-07 07:12:38,196 basehttp 58943 6229471232 "GET /api/polls/ HTTP/1.1" 200 52
INFO 2025-09-07 07:12:38,201 basehttp 58943 6246297600 "GET /api/polls/ HTTP/1.1" 200 52
INFO 2025-09-07 07:12:44,783 basehttp 58943 6195818496 "GET /api/polls/ HTTP/1.1" 200 52
INFO 2025-09-07 07:12:44,792 basehttp 58943 6212644864 "GET /api/polls/ HTTP/1.1" 200 52
INFO 2025-09-07 07:13:01,691 basehttp 58943 6229471232 "GET /api/polls/ HTTP/1.1" 200 52
INFO 2025-09-07 07:13:01,697 basehttp 58943 6246297600 "GET /api/polls/ HTTP/1.1" 200 52
INFO 2025-09-07 07:13:21,885 basehttp 58943 6263123968 "GET /api/polls/ HTTP/1.1" 200 52
INFO 2025-09-07 07:14:29,311 basehttp 58943 6195818496 "GET /api/polls/ HTTP/1.1" 200 52
INFO 2025-09-07 07:14:29,318 basehttp 58943 6212644864 "GET /api/polls/ HTTP/1.1" 200 52
INFO 2025-09-07 07:14:33,443 basehttp 58943 6229471232 "GET /api/polls/ HTTP/1.1" 200 52
INFO 2025-09-07 07:14:33,448 basehttp 58943 6246297600 "GET /api/polls/ HTTP/1.1" 200 52
INFO 2025-09-07 07:14:54,835 basehttp 58943 6263123968 "GET /api/polls/ HTTP/1.1" 200 52
INFO 2025-09-07 07:14:54,850 basehttp 58943 6279950336 "GET /api/polls/ HTTP/1.1" 200 52
INFO 2025-09-07 07:14:58,191 basehttp 58943 6195818496 "GET /api/polls/ HTTP/1.1" 200 52
INFO 2025-09-07 07:14:58,202 basehttp 58943 6212644864 "GET /api/polls/ HTTP/1.1" 200 52
INFO 2025-09-07 07:15:05,928 basehttp 58943 6229471232 "GET /api/polls/ HTTP/1.1" 200 52
INFO 2025-09-07 07:15:05,932 basehttp 58943 6229471232 "GET /api/polls/ HTTP/1.1" 200 52
INFO 2025-09-07 07:15:51,704 basehttp 58943 6246297600 "GET /api/polls/ HTTP/1.1" 200 52
INFO 2025-09-07 07:15:55,692 basehttp 58943 6263123968 "GET /api/polls/ HTTP/1.1" 200 52
INFO 2025-09-07 07:16:03,696 basehttp 58943 6195818496 "GET /api/polls/ HTTP/1.1" 200 52
INFO 2025-09-07 07:20:16,313 basehttp 58943 6212644864 "GET /api/polls/ HTTP/1.1" 200 52
INFO 2025-09-07 07:20:19,491 basehttp 58943 6212644864 "GET /api/polls/ HTTP/1.1" 200 52
INFO 2025-09-07 07:20:28,793 basehttp 58943 6229471232 "GET /api/polls/ HTTP/1.1" 200 52
INFO 2025-09-07 07:21:00,166 basehttp 58943 6246297600 "GET /api/polls/ HTTP/1.1" 200 52
INFO 2025-09-07 07:21:16,690 basehttp 58943 6263123968 "GET /api/polls/ HTTP/1.1" 200 52
INFO 2025-09-07 07:21:25,006 basehttp 58943 6195818496 "GET /api/polls/ HTTP/1.1" 200 52
INFO 2025-09-07 07:21:29,981 basehttp 58943 6212644864 "GET /api/polls/ HTTP/1.1" 200 52
INFO 2025-09-07 07:21:36,757 basehttp 58943 6229471232 "GET /api/polls/ HTTP/1.1" 200 52
INFO 2025-09-07 07:21:41,757 basehttp 58943 6246297600 "GET /api/polls/ HTTP/1.1" 200 52
INFO 2025-09-07 07:22:52,912 basehttp 58943 6263123968 "GET /api/polls/ HTTP/1.1" 200 52
INFO 2025-09-07 07:22:52,924 basehttp 58943 6279950336 "GET /api/polls/ HTTP/1.1" 200 52
INFO 2025-09-07 07:22:55,193 basehttp 58943 6279950336 "GET /api/polls/ HTTP/1.1" 200 52
INFO 2025-09-07 07:22:59,370 basehttp 58943 6195818496 "GET /api/polls/ HTTP/1.1" 200 52
INFO 2025-09-07 07:23:20,848 basehttp 58943 6212644864 "GET /api/polls/ HTTP/1.1" 200 52
INFO 2025-09-07 07:24:12,589 basehttp 58943 6229471232 "GET /api/polls/ HTTP/1.1" 200 52
INFO 2025-09-07 07:24:18,664 basehttp 58943 6246297600 "GET /api/polls/ HTTP/1.1" 200 52
INFO 2025-09-07 07:25:12,962 basehttp 58943 6263123968 "GET /api/polls/ HTTP/1.1" 200 52
INFO 2025-09-07 07:25:19,694 basehttp 58943 6195818496 "GET /api/polls/ HTTP/1.1" 200 52
INFO 2025-09-07 07:25:46,881 basehttp 58943 6212644864 "GET /api/polls/ HTTP/1.1" 200 52
INFO 2025-09-07 07:27:01,594 basehttp 58943 6229471232 "GET /api/polls/ HTTP/1.1" 200 52
INFO 2025-09-07 07:27:09,251 basehttp 58943 6246297600 "GET /api/polls/ HTTP/1.1" 200 52
INFO 2025-09-07 07:27:09,612 basehttp 58943 6246297600 "GET /api/polls/ HTTP/1.1" 200 52
INFO 2025-09-07 07:27:10,585 basehttp 58943 6246297600 "GET /api/polls/ HTTP/1.1" 200 52
INFO 2025-09-07 07:28:06,028 basehttp 58943 6263123968 "GET /api/polls/ HTTP/1.1" 200 52
INFO 2025-09-07 07:28:13,339 basehttp 58943 6195818496 "GET /api/polls/ HTTP/1.1" 200 52
INFO 2025-09-07 07:28:42,009 basehttp 58943 6212644864 "GET /api/polls/ HTTP/1.1" 200 52
INFO 2025-09-07 07:29:29,638 basehttp 58943 6229471232 "GET /api/polls/ HTTP/1.1" 200 52
INFO 2025-09-07 07:29:39,972 basehttp 58943 6246297600 "GET /api/polls/ HTTP/1.1" 200 52
INFO 2025-09-07 07:31:26,408 basehttp 58943 6263123968 "GET /api/polls/ HTTP/1.1" 200 52
INFO 2025-09-07 07:31:34,363 basehttp 58943 6195818496 "GET /api/polls/ HTTP/1.1" 200 52
INFO 2025-09-07 07:32:32,425 basehttp 58943 6212644864 "GET /api/polls/ HTTP/1.1" 200 52
INFO 2025-09-07 07:32:38,820 basehttp 58943 6229471232 "GET /api/polls/ HTTP/1.1" 200 52
INFO 2025-09-07 07:34:12,805 basehttp 58943 6246297600 "GET /api/polls/ HTTP/1.1" 200 52
INFO 2025-09-07 07:34:16,596 basehttp 58943 6246297600 "GET /api/polls/ HTTP/1.1" 200 52
INFO 2025-09-07 07:34:32,885 basehttp 58943 6263123968 "GET /api/polls/ HTTP/1.1" 200 52
INFO 2025-09-07 07:35:14,170 basehttp 58943 6195818496 "GET /api/polls/ HTTP/1.1" 200 52
INFO 2025-09-07 07:35:19,664 basehttp 58943 6212644864 "GET /api/polls/ HTTP/1.1" 200 52
INFO 2025-09-07 07:35:44,597 basehttp 58943 6229471232 "GET /api/polls/ HTTP/1.1" 200 52
INFO 2025-09-07 07:36:30,904 basehttp 58943 6246297600 "GET /api/polls/ HTTP/1.1" 200 52
INFO 2025-09-07 07:36:35,322 basehttp 58943 6263123968 "GET /api/polls/ HTTP/1.1" 200 52
INFO 2025-09-07 07:38:12,078 basehttp 58943 6195818496 "GET /api/polls/ HTTP/1.1" 200 52
INFO 2025-09-07 07:38:18,116 basehttp 58943 6212644864 "GET /api/polls/ HTTP/1.1" 200 52
INFO 2025-09-07 07:38:22,071 basehttp 58943 6212644864 "GET /api/polls/ HTTP/1.1" 200 52
INFO 2025-09-07 07:38:22,372 basehttp 58943 6212644864 "GET /api/polls/ HTTP/1.1" 200 52
INFO 2025-09-07 07:38:27,095 basehttp 58943 6229471232 "GET /api/polls/ HTTP/1.1" 200 52
INFO 2025-09-07 07:38:27,154 basehttp 58943 6229471232 "GET /api/polls/ HTTP/1.1" 200 52
INFO 2025-09-07 07:38:48,268 basehttp 58943 6246297600 "GET /api/polls/ HTTP/1.1" 200 52
INFO 2025-09-07 07:38:53,029 basehttp 58943 6195818496 "GET /api/polls/ HTTP/1.1" 200 52
INFO 2025-09-07 07:38:58,895 basehttp 58943 6212644864 "GET /api/polls/ HTTP/1.1" 200 52
INFO 2025-09-07 07:39:09,699 basehttp 58943 6229471232 "GET /api/polls/ HTTP/1.1" 200 52
INFO 2025-09-07 07:39:41,083 basehttp 58943 6246297600 "GET /api/polls/ HTTP/1.1" 200 52
INFO 2025-09-07 07:39:46,492 basehttp 58943 6263123968 "GET /api/polls/ HTTP/1.1" 200 52
INFO 2025-09-07 07:40:29,791 basehttp 58943 6195818496 "GET /api/polls/ HTTP/1.1" 200 52
INFO 2025-09-07 07:40:32,687 basehttp 58943 6195818496 "GET /api/polls/ HTTP/1.1" 200 52
INFO 2025-09-07 07:40:40,879 basehttp 58943 6212644864 "GET /api/polls/ HTTP/1.1" 200 52
INFO 2025-09-07 07:40:40,884 basehttp 58943 6229471232 "GET /api/polls/ HTTP/1.1" 200 52
INFO 2025-09-07 07:41:14,127 basehttp 58943 6246297600 "GET /api/polls/ HTTP/1.1" 200 52
INFO 2025-09-07 07:41:19,306 basehttp 58943 6263123968 "GET /api/polls/ HTTP/1.1" 200 52
INFO 2025-09-07 07:41:22,504 basehttp 58943 6263123968 "GET /api/polls/ HTTP/1.1" 200 52
INFO 2025-09-07 07:41:28,774 basehttp 58943 6195818496 "GET /api/polls/ HTTP/1.1" 200 52
INFO 2025-09-07 07:41:50,467 basehttp 58943 6212644864 "GET /api/polls/ HTTP/1.1" 200 52
INFO 2025-09-07 07:41:53,782 basehttp 58943 6229471232 "GET /api/polls/ HTTP/1.1" 200 52
INFO 2025-09-07 07:42:22,347 basehttp 58943 6246297600 "GET /api/polls/ HTTP/1.1" 200 52
INFO 2025-09-07 07:43:42,490 basehttp 58943 6263123968 "GET /api/polls/ HTTP/1.1" 200 52
INFO 2025-09-07 07:43:46,566 basehttp 58943 6195818496 "GET /api/polls/ HTTP/1.1" 200 52
INFO 2025-09-07 07:44:22,474 basehttp 58943 6212644864 "GET /api/polls/ HTTP/1.1" 200 52
INFO 2025-09-07 07:44:25,655 basehttp 58943 6229471232 "GET /api/polls/ HTTP/1.1" 200 52
INFO 2025-09-07 07:44:29,384 basehttp 58943 6246297600 "GET /api/polls/ HTTP/1.1" 200 52
INFO 2025-09-07 07:44:33,854 basehttp 58943 6263123968 "GET /api/polls/ HTTP/1.1" 200 52
INFO 2025-09-07 07:44:50,390 basehttp 58943 6195818496 "GET /api/polls/ HTTP/1.1" 200 52
INFO 2025-09-07 07:45:49,285 basehttp 58943 6212644864 "GET /api/polls/ HTTP/1.1" 200 52
INFO 2025-09-07 07:45:53,706 basehttp 58943 6229471232 "GET /api/polls/ HTTP/1.1" 200 52
INFO 2025-09-07 07:46:50,798 basehttp 58943 6246297600 "GET /api/polls/ HTTP/1.1" 200 52
INFO 2025-09-07 07:46:53,759 basehttp 58943 6263123968 "GET /api/polls/ HTTP/1.1" 200 52
INFO 2025-09-07 07:48:12,798 basehttp 58943 6195818496 "GET /api/polls/ HTTP/1.1" 200 52
INFO 2025-09-07 07:48:14,740 basehttp 58943 6212644864 "GET /api/polls/ HTTP/1.1" 200 52
INFO 2025-09-07 07:48:51,522 basehttp 58943 6229471232 "GET /api/polls/ HTTP/1.1" 200 52
INFO 2025-09-07 07:51:30,882 basehttp 58943 6246297600 "GET /api/polls/ HTTP/1.1" 200 52
INFO 2025-09-07 07:51:35,809 basehttp 58943 6263123968 "GET /api/polls/ HTTP/1.1" 200 52
INFO 2025-09-07 07:52:23,200 basehttp 58943 6195818496 "GET /api/polls/ HTTP/1.1" 200 52
INFO 2025-09-07 07:52:23,212 basehttp 58943 6212644864 "GET /api/polls/ HTTP/1.1" 200 52
INFO 2025-09-07 07:52:25,993 basehttp 58943 6212644864 "GET /api/polls/ HTTP/1.1" 200 52
INFO 2025-09-07 07:52:25,999 basehttp 58943 6195818496 "GET /api/polls/ HTTP/1.1" 200 52
INFO 2025-09-07 07:52:36,913 basehttp 58943 6229471232 "GET /api/polls/ HTTP/1.1" 200 52
INFO 2025-09-07 07:52:36,917 basehttp 58943 6246297600 "GET /api/polls/ HTTP/1.1" 200 52
INFO 2025-09-07 07:54:56,868 basehttp 58943 6263123968 "GET /api/polls/ HTTP/1.1" 200 52
INFO 2025-09-07 07:55:03,287 basehttp 58943 6195818496 "GET /api/polls/ HTTP/1.1" 200 52
INFO 2025-09-07 07:55:12,294 basehttp 58943 6212644864 "GET /api/polls/ HTTP/1.1" 200 52
INFO 2025-09-07 07:55:17,384 basehttp 58943 6229471232 "GET /api/polls/ HTTP/1.1" 200 52
INFO 2025-09-07 07:57:16,339 basehttp 58943 6246297600 "GET /api/polls/ HTTP/1.1" 200 52
INFO 2025-09-07 07:57:25,161 basehttp 58943 6263123968 "GET /api/polls/ HTTP/1.1" 200 52
INFO 2025-09-07 07:57:27,640 basehttp 58943 6263123968 "GET /api/polls/ HTTP/1.1" 200 52
WARNING 2025-09-07 08:30:43,437 log 58943 6195818496 Unauthorized: /api/polls/
WARNING 2025-09-07 08:30:43,439 basehttp 58943 6195818496 "GET /api/polls/ HTTP/1.1" 401 172
WARNING 2025-09-07 08:30:43,442 log 58943 6195818496 Unauthorized: /api/polls/
WARNING 2025-09-07 08:30:43,442 basehttp 58943 6195818496 "GET /api/polls/ HTTP/1.1" 401 172
WARNING 2025-09-07 08:30:47,179 log 58943 6195818496 Unauthorized: /api/polls/
WARNING 2025-09-07 08:30:47,179 basehttp 58943 6195818496 "GET /api/polls/ HTTP/1.1" 401 172
WARNING 2025-09-07 08:30:47,181 log 58943 6195818496 Unauthorized: /api/polls/
WARNING 2025-09-07 08:30:47,181 basehttp 58943 6195818496 "GET /api/polls/ HTTP/1.1" 401 172
INFO 2025-09-07 08:31:07,608 basehttp 58943 6212644864 "POST /api/auth/login/ HTTP/1.1" 200 629
INFO 2025-09-07 08:31:09,471 basehttp 58943 6229471232 "GET /api/polls/ HTTP/1.1" 200 52
INFO 2025-09-07 08:31:09,491 basehttp 58943 6246297600 "GET /api/polls/ HTTP/1.1" 200 52
INFO 2025-09-07 08:31:58,127 basehttp 58943 6263123968 "GET /api/polls/ HTTP/1.1" 200 52
INFO 2025-09-07 08:33:09,551 basehttp 58943 6195818496 "GET /api/polls/ HTTP/1.1" 200 52
INFO 2025-09-07 08:33:13,334 basehttp 58943 6195818496 "GET /api/polls/ HTTP/1.1" 200 52
INFO 2025-09-07 08:33:43,233 basehttp 58943 6212644864 "OPTIONS /api/polls/ HTTP/1.1" 200 0
INFO 2025-09-07 08:33:43,243 basehttp 58943 6212644864 "GET /api/polls/ HTTP/1.1" 200 52
INFO 2025-09-07 08:34:11,706 basehttp 58943 6229471232 "GET /api/polls/ HTTP/1.1" 200 52
INFO 2025-09-07 08:34:13,953 basehttp 58943 6229471232 "GET /api/polls/ HTTP/1.1" 200 52
INFO 2025-09-07 08:34:34,876 basehttp 58943 6246297600 "GET /api/polls/ HTTP/1.1" 200 52
INFO 2025-09-07 08:35:10,092 basehttp 58943 6195818496 "GET /api/polls/ HTTP/1.1" 200 52
INFO 2025-09-07 08:35:15,070 basehttp 58943 6195818496 "GET /api/polls/ HTTP/1.1" 200 52
INFO 2025-09-07 08:35:22,807 basehttp 58943 6212644864 "GET /api/polls/ HTTP/1.1" 200 52
INFO 2025-09-07 08:35:42,318 basehttp 58943 6229471232 "GET /api/polls/ HTTP/1.1" 200 52
INFO 2025-09-07 08:35:45,372 basehttp 58943 6229471232 "GET /api/polls/ HTTP/1.1" 200 52
INFO 2025-09-07 08:35:47,334 basehttp 58943 6229471232 "GET /api/polls/ HTTP/1.1" 200 52
INFO 2025-09-07 08:38:28,890 basehttp 58943 6246297600 "GET /api/polls/ HTTP/1.1" 200 52
INFO 2025-09-07 08:38:37,019 basehttp 58943 6195818496 "GET /api/polls/ HTTP/1.1" 200 52
INFO 2025-09-07 08:38:37,028 basehttp 58943 6212644864 "GET /api/polls/ HTTP/1.1" 200 52
INFO 2025-09-07 08:38:52,765 basehttp 58943 6229471232 "GET /api/polls/ HTTP/1.1" 200 52
INFO 2025-09-07 08:38:52,770 basehttp 58943 6246297600 "GET /api/polls/ HTTP/1.1" 200 52
INFO 2025-09-07 08:38:54,212 basehttp 58943 6246297600 "GET /api/polls/ HTTP/1.1" 200 52
INFO 2025-09-07 08:38:57,161 basehttp 58943 6263123968 "GET /api/polls/ HTTP/1.1" 200 52
INFO 2025-09-07 08:39:14,039 basehttp 58943 6195818496 "GET /api/polls/ HTTP/1.1" 200 52
INFO 2025-09-07 08:39:14,044 basehttp 58943 6212644864 "GET /api/polls/ HTTP/1.1" 200 52
INFO 2025-09-07 08:39:18,661 basehttp 58943 6229471232 "GET /api/polls/ HTTP/1.1" 200 52
INFO 2025-09-07 08:40:24,525 basehttp 58943 6246297600 "OPTIONS /api/polls/create/ HTTP/1.1" 200 0
WARNING 2025-09-07 08:40:24,544 log 58943 6246297600 Method Not Allowed: /api/polls/create/
WARNING 2025-09-07 08:40:24,544 basehttp 58943 6246297600 "POST /api/polls/create/ HTTP/1.1" 405 41
WARNING 2025-09-07 08:40:31,677 log 58943 6263123968 Method Not Allowed: /api/polls/create/
WARNING 2025-09-07 08:40:31,678 basehttp 58943 6263123968 "POST /api/polls/create/ HTTP/1.1" 405 41
INFO 2025-09-07 08:41:27,441 autoreload 58943 8402542784 /Users/sumesh/Documents/Projects/Red/RedCurtainsWebBackend/core/urls.py changed, reloading.
INFO 2025-09-07 08:41:27,991 autoreload 80374 8402542784 Watching for file changes with StatReloader
INFO 2025-09-07 08:41:50,541 autoreload 80374 8402542784 /Users/sumesh/Documents/Projects/Red/RedCurtainsWebBackend/core/urls.py changed, reloading.
INFO 2025-09-07 08:41:50,797 autoreload 81106 8402542784 Watching for file changes with StatReloader
INFO 2025-09-07 08:42:13,333 autoreload 81106 8402542784 /Users/sumesh/Documents/Projects/Red/RedCurtainsWebBackend/core/urls.py changed, reloading.
INFO 2025-09-07 08:42:13,640 autoreload 81754 8402542784 Watching for file changes with StatReloader
WARNING 2025-09-07 08:42:23,548 log 81754 6201454592 Not Found: /api/polls/create/
WARNING 2025-09-07 08:42:23,549 basehttp 81754 6201454592 "POST /api/polls/create/ HTTP/1.1" 404 15678
INFO 2025-09-07 08:42:32,972 autoreload 82288 8402542784 Watching for file changes with StatReloader
WARNING 2025-09-07 08:42:38,918 log 82288 6136967168 Not Found: /api/polls/create/
WARNING 2025-09-07 08:42:38,919 basehttp 82288 6136967168 "POST /api/polls/create/ HTTP/1.1" 404 15678
WARNING 2025-09-07 08:42:39,618 log 82288 6136967168 Not Found: /api/polls/create/
WARNING 2025-09-07 08:42:39,618 basehttp 82288 6136967168 "POST /api/polls/create/ HTTP/1.1" 404 15678
WARNING 2025-09-07 08:42:40,384 log 82288 6136967168 Not Found: /api/polls/create/
WARNING 2025-09-07 08:42:40,385 basehttp 82288 6136967168 "POST /api/polls/create/ HTTP/1.1" 404 15678
INFO 2025-09-07 08:43:18,923 autoreload 83151 8402542784 Watching for file changes with StatReloader
WARNING 2025-09-07 08:43:26,538 log 82288 6153793536 Not Found: /api/polls/health/
WARNING 2025-09-07 08:43:26,538 basehttp 82288 6153793536 "GET /api/polls/health/ HTTP/1.1" 404 15677
WARNING 2025-09-07 08:43:34,186 log 82288 6170619904 Not Found: /api/polls/create/
WARNING 2025-09-07 08:43:34,187 basehttp 82288 6170619904 "POST /api/polls/create/ HTTP/1.1" 404 15678
INFO 2025-09-07 08:44:05,526 autoreload 82288 8402542784 /Users/sumesh/Documents/Projects/Red/RedCurtainsWebBackend/core/urls.py changed, reloading.
INFO 2025-09-07 08:44:05,890 autoreload 84326 8402542784 Watching for file changes with StatReloader
INFO 2025-09-07 08:44:17,843 basehttp 84326 6129233920 "POST /api/polls/create/ HTTP/1.1" 201 388
WARNING 2025-09-07 08:44:24,236 log 84326 6129233920 Bad Request: /api/polls/create/
WARNING 2025-09-07 08:44:24,237 basehttp 84326 6129233920 "POST /api/polls/create/ HTTP/1.1" 400 218
INFO 2025-09-07 08:44:26,480 autoreload 84326 8402542784 /Users/sumesh/Documents/Projects/Red/RedCurtainsWebBackend/core/urls.py changed, reloading.
INFO 2025-09-07 08:44:26,835 autoreload 85202 8402542784 Watching for file changes with StatReloader
INFO 2025-09-07 08:45:08,156 autoreload 85202 8402542784 /Users/sumesh/Documents/Projects/Red/RedCurtainsWebBackend/core/urls.py changed, reloading.
INFO 2025-09-07 08:45:08,651 autoreload 85764 8402542784 Watching for file changes with StatReloader
WARNING 2025-09-07 08:48:30,666 log 85764 6198456320 Bad Request: /api/polls/create/
WARNING 2025-09-07 08:48:30,666 basehttp 85764 6198456320 "POST /api/polls/create/ HTTP/1.1" 400 167
INFO 2025-09-07 08:49:28,310 basehttp 85764 6198456320 "POST /api/polls/create/ HTTP/1.1" 201 485
INFO 2025-09-07 08:49:28,367 basehttp 85764 6215282688 "OPTIONS /api/polls/2/ HTTP/1.1" 200 0
INFO 2025-09-07 08:49:28,367 basehttp 85764 6198456320 "OPTIONS /api/polls/2/ HTTP/1.1" 200 0
INFO 2025-09-07 08:49:28,383 basehttp 85764 6215282688 "GET /api/polls/2/ HTTP/1.1" 200 485
INFO 2025-09-07 08:49:28,399 basehttp 85764 6198456320 "GET /api/polls/2/ HTTP/1.1" 200 485
INFO 2025-09-07 08:49:41,069 basehttp 85764 6198456320 "GET /api/polls/ HTTP/1.1" 200 876
INFO 2025-09-07 08:49:41,079 basehttp 85764 6215282688 "GET /api/polls/ HTTP/1.1" 200 876
INFO 2025-09-07 08:49:46,813 basehttp 85764 6232109056 "GET /api/polls/ HTTP/1.1" 200 876
INFO 2025-09-07 08:49:46,817 basehttp 85764 6232109056 "GET /api/polls/ HTTP/1.1" 200 876
INFO 2025-09-07 08:50:46,509 basehttp 85764 6198456320 "GET /api/polls/ HTTP/1.1" 200 876
INFO 2025-09-07 08:50:46,516 basehttp 85764 6215282688 "GET /api/polls/ HTTP/1.1" 200 876
INFO 2025-09-07 08:51:19,522 basehttp 85764 6232109056 "GET /api/polls/ HTTP/1.1" 200 876
INFO 2025-09-07 08:51:28,083 basehttp 85764 6248935424 "GET /api/polls/ HTTP/1.1" 200 876
INFO 2025-09-07 08:51:36,881 basehttp 85764 6198456320 "GET /api/polls/ HTTP/1.1" 200 876
INFO 2025-09-07 08:51:36,886 basehttp 85764 6215282688 "GET /api/polls/ HTTP/1.1" 200 876
INFO 2025-09-07 08:52:13,408 basehttp 85764 6232109056 "GET /api/polls/ HTTP/1.1" 200 876
INFO 2025-09-07 08:52:13,415 basehttp 85764 6248935424 "GET /api/polls/ HTTP/1.1" 200 876
INFO 2025-09-07 08:52:20,944 basehttp 85764 6198456320 "GET /api/polls/ HTTP/1.1" 200 876
INFO 2025-09-07 08:52:21,034 basehttp 85764 6215282688 "GET /api/polls/ HTTP/1.1" 200 876
INFO 2025-09-07 08:52:57,116 basehttp 85764 6232109056 "GET /api/polls/ HTTP/1.1" 200 876
INFO 2025-09-07 08:52:57,125 basehttp 85764 6232109056 "GET /api/polls/ HTTP/1.1" 200 876
INFO 2025-09-07 08:52:57,215 basehttp 85764 6232109056 "GET /api/polls/ HTTP/1.1" 200 876
INFO 2025-09-07 08:52:57,356 basehttp 85764 6232109056 "GET /api/polls/ HTTP/1.1" 200 876
INFO 2025-09-07 08:54:44,507 basehttp 85764 6198456320 "GET /api/polls/2/ HTTP/1.1" 200 485
INFO 2025-09-07 08:54:44,511 basehttp 85764 6215282688 "GET /api/polls/2/ HTTP/1.1" 200 485
INFO 2025-09-07 08:54:51,484 basehttp 85764 6232109056 "GET /api/polls/ HTTP/1.1" 200 876
INFO 2025-09-07 08:54:51,497 basehttp 85764 6248935424 "GET /api/polls/ HTTP/1.1" 200 876
INFO 2025-09-07 08:54:53,938 basehttp 85764 6248935424 "GET /api/polls/2/ HTTP/1.1" 200 485
INFO 2025-09-07 08:54:53,942 basehttp 85764 6232109056 "GET /api/polls/2/ HTTP/1.1" 200 485
INFO 2025-09-07 08:55:06,049 basehttp 85764 6198456320 "GET /api/polls/ HTTP/1.1" 200 876
INFO 2025-09-07 08:55:06,064 basehttp 85764 6215282688 "GET /api/polls/ HTTP/1.1" 200 876
INFO 2025-09-07 08:55:08,761 basehttp 85764 6215282688 "GET /api/polls/2/ HTTP/1.1" 200 485
INFO 2025-09-07 08:55:08,768 basehttp 85764 6215282688 "GET /api/polls/2/ HTTP/1.1" 200 485
INFO 2025-09-07 08:56:43,951 basehttp 85764 6198456320 "GET /api/polls/2/ HTTP/1.1" 200 485
INFO 2025-09-07 08:56:47,095 basehttp 85764 6215282688 "GET /api/polls/2/ HTTP/1.1" 200 485
INFO 2025-09-07 08:57:03,051 basehttp 85764 6232109056 "GET /api/polls/2/ HTTP/1.1" 200 485
INFO 2025-09-07 08:57:12,188 basehttp 85764 6248935424 "GET /api/polls/2/ HTTP/1.1" 200 485
INFO 2025-09-07 08:57:20,359 basehttp 85764 6198456320 "GET /api/polls/2/ HTTP/1.1" 200 485
INFO 2025-09-07 08:57:32,861 basehttp 85764 6215282688 "GET /api/polls/2/ HTTP/1.1" 200 485
INFO 2025-09-07 08:57:32,868 basehttp 85764 6232109056 "GET /api/polls/2/ HTTP/1.1" 200 485
INFO 2025-09-07 08:57:36,261 basehttp 85764 6248935424 "GET /api/polls/2/ HTTP/1.1" 200 485
INFO 2025-09-07 08:57:47,507 basehttp 85764 6198456320 "GET /api/polls/2/ HTTP/1.1" 200 485
INFO 2025-09-07 08:57:47,531 basehttp 85764 6215282688 "GET /api/polls/2/ HTTP/1.1" 200 485
INFO 2025-09-07 08:57:49,823 basehttp 85764 6215282688 "OPTIONS /api/votes/ HTTP/1.1" 200 0
WARNING 2025-09-07 08:57:49,850 log 85764 6215282688 Not Found: /api/votes/
WARNING 2025-09-07 08:57:49,851 basehttp 85764 6215282688 "POST /api/votes/ HTTP/1.1" 404 12053
INFO 2025-09-07 08:58:10,362 basehttp 85764 6232109056 "GET /api/polls/2/ HTTP/1.1" 200 485
INFO 2025-09-07 08:58:58,302 basehttp 85764 6248935424 "GET /api/polls/2/ HTTP/1.1" 200 485
INFO 2025-09-07 08:59:23,311 basehttp 85764 6198456320 "GET /api/polls/2/ HTTP/1.1" 200 485
INFO 2025-09-07 08:59:26,410 basehttp 85764 6215282688 "GET /api/polls/ HTTP/1.1" 200 876
INFO 2025-09-07 08:59:26,426 basehttp 85764 6232109056 "GET /api/polls/ HTTP/1.1" 200 876
INFO 2025-09-07 08:59:29,211 basehttp 85764 6232109056 "GET /api/polls/2/ HTTP/1.1" 200 485
INFO 2025-09-07 08:59:29,214 basehttp 85764 6215282688 "GET /api/polls/2/ HTTP/1.1" 200 485
INFO 2025-09-07 08:59:35,823 basehttp 85764 6198456320 "GET /api/polls/2/ HTTP/1.1" 200 485
INFO 2025-09-07 08:59:54,256 basehttp 85764 6215282688 "OPTIONS /api/polls/2/vote/ HTTP/1.1" 200 0
INFO 2025-09-07 08:59:54,313 basehttp 85764 6215282688 "POST /api/polls/2/vote/ HTTP/1.1" 200 485
INFO 2025-09-07 08:59:54,323 basehttp 85764 6215282688 "GET /api/polls/2/ HTTP/1.1" 200 485
INFO 2025-09-07 09:00:21,754 basehttp 85764 6232109056 "GET /api/polls/2/ HTTP/1.1" 200 485
INFO 2025-09-07 09:00:21,764 basehttp 85764 6248935424 "GET /api/polls/2/ HTTP/1.1" 200 485
INFO 2025-09-07 09:16:36,856 basehttp 85764 6198456320 "GET /api/polls/2/ HTTP/1.1" 200 485
INFO 2025-09-07 09:16:36,860 basehttp 85764 6215282688 "GET /api/polls/2/ HTTP/1.1" 200 485
WARNING 2025-09-07 12:02:37,946 log 85764 6232109056 Unauthorized: /api/polls/2/
WARNING 2025-09-07 12:02:37,956 basehttp 85764 6232109056 "GET /api/polls/2/ HTTP/1.1" 401 172
INFO 2025-09-07 12:02:57,485 basehttp 85764 6248935424 "OPTIONS /api/auth/login/ HTTP/1.1" 200 0
INFO 2025-09-07 12:02:57,794 basehttp 85764 6248935424 "POST /api/auth/login/ HTTP/1.1" 200 629
INFO 2025-09-07 12:02:59,992 basehttp 85764 6248935424 "GET /api/polls/ HTTP/1.1" 200 876
INFO 2025-09-07 12:03:00,010 basehttp 85764 6198456320 "GET /api/polls/ HTTP/1.1" 200 876
INFO 2025-09-07 12:03:01,556 basehttp 85764 6215282688 "GET /api/polls/2/ HTTP/1.1" 200 485
INFO 2025-09-07 12:03:01,564 basehttp 85764 6232109056 "GET /api/polls/2/ HTTP/1.1" 200 485
INFO 2025-09-07 12:04:38,598 basehttp 85764 6198456320 "GET /api/polls/2/ HTTP/1.1" 200 485
INFO 2025-09-07 12:04:52,500 basehttp 85764 6215282688 "GET /api/polls/2/ HTTP/1.1" 200 485
INFO 2025-09-07 12:04:56,492 basehttp 85764 6232109056 "GET /api/polls/2/ HTTP/1.1" 200 485
INFO 2025-09-07 12:05:00,493 basehttp 85764 6232109056 "GET /api/polls/2/ HTTP/1.1" 200 485
INFO 2025-09-07 12:05:05,510 basehttp 85764 6248935424 "GET /api/polls/2/ HTTP/1.1" 200 485
INFO 2025-09-07 12:05:08,500 basehttp 85764 6198456320 "GET /api/polls/2/ HTTP/1.1" 200 485
INFO 2025-09-07 12:05:14,500 basehttp 85764 6215282688 "GET /api/polls/2/ HTTP/1.1" 200 485
INFO 2025-09-07 12:05:19,493 basehttp 85764 6232109056 "GET /api/polls/2/ HTTP/1.1" 200 485
INFO 2025-09-07 12:05:30,501 basehttp 85764 6248935424 "GET /api/polls/2/ HTTP/1.1" 200 485
WARNING 2025-09-07 12:06:29,813 log 85764 6198456320 Bad Request: /api/polls/2/vote/
WARNING 2025-09-07 12:06:29,814 basehttp 85764 6198456320 "POST /api/polls/2/vote/ HTTP/1.1" 400 49
INFO 2025-09-07 12:06:31,987 basehttp 85764 6215282688 "GET /api/polls/ HTTP/1.1" 200 876
INFO 2025-09-07 12:06:32,001 basehttp 85764 6232109056 "GET /api/polls/ HTTP/1.1" 200 876
INFO 2025-09-07 12:06:33,697 basehttp 85764 6232109056 "GET /api/polls/2/ HTTP/1.1" 200 485
INFO 2025-09-07 12:06:33,705 basehttp 85764 6215282688 "GET /api/polls/2/ HTTP/1.1" 200 485
INFO 2025-09-07 12:06:39,053 basehttp 85764 6198456320 "GET /api/polls/ HTTP/1.1" 200 876
INFO 2025-09-07 12:06:39,065 basehttp 85764 6215282688 "GET /api/polls/ HTTP/1.1" 200 876
INFO 2025-09-07 12:06:41,339 basehttp 85764 6232109056 "GET /api/polls/ HTTP/1.1" 200 876
INFO 2025-09-07 12:06:41,349 basehttp 85764 6248935424 "GET /api/polls/ HTTP/1.1" 200 876
INFO 2025-09-07 12:07:03,299 basehttp 85764 6198456320 "GET /api/polls/ HTTP/1.1" 200 876
INFO 2025-09-07 12:07:03,306 basehttp 85764 6215282688 "GET /api/polls/ HTTP/1.1" 200 876
INFO 2025-09-07 12:07:14,657 basehttp 85764 6232109056 "GET /api/polls/2/ HTTP/1.1" 200 485
INFO 2025-09-07 12:07:14,661 basehttp 85764 6248935424 "GET /api/polls/2/ HTTP/1.1" 200 485
INFO 2025-09-07 12:07:15,896 basehttp 85764 6248935424 "GET /api/polls/ HTTP/1.1" 200 876
INFO 2025-09-07 12:07:15,901 basehttp 85764 6232109056 "GET /api/polls/ HTTP/1.1" 200 876
INFO 2025-09-07 12:07:19,641 basehttp 85764 6198456320 "GET /api/polls/ HTTP/1.1" 200 876
INFO 2025-09-07 12:07:19,653 basehttp 85764 6215282688 "GET /api/polls/ HTTP/1.1" 200 876
INFO 2025-09-07 12:08:35,195 basehttp 85764 6232109056 "GET /api/polls/2/ HTTP/1.1" 200 485
INFO 2025-09-07 12:08:35,205 basehttp 85764 6248935424 "GET /api/polls/2/ HTTP/1.1" 200 485
INFO 2025-09-07 12:08:44,483 basehttp 85764 6198456320 "GET /api/polls/ HTTP/1.1" 200 876
INFO 2025-09-07 12:08:44,501 basehttp 85764 6215282688 "GET /api/polls/ HTTP/1.1" 200 876
INFO 2025-09-07 12:08:47,243 basehttp 85764 6232109056 "GET /api/polls/2/ HTTP/1.1" 200 485
INFO 2025-09-07 12:08:47,254 basehttp 85764 6265761792 "GET /api/polls/2/ HTTP/1.1" 200 485
INFO 2025-09-07 12:08:54,819 basehttp 85764 6198456320 "GET /api/polls/ HTTP/1.1" 200 876
INFO 2025-09-07 12:08:54,830 basehttp 85764 6215282688 "GET /api/polls/ HTTP/1.1" 200 876
INFO 2025-09-07 12:08:59,294 basehttp 85764 6232109056 "GET /api/polls/2/ HTTP/1.1" 200 485
INFO 2025-09-07 12:08:59,301 basehttp 85764 6248935424 "GET /api/polls/2/ HTTP/1.1" 200 485
INFO 2025-09-07 12:09:07,027 basehttp 85764 6198456320 "GET /api/polls/ HTTP/1.1" 200 876
INFO 2025-09-07 12:09:07,033 basehttp 85764 6215282688 "GET /api/polls/ HTTP/1.1" 200 876
INFO 2025-09-07 12:09:36,063 basehttp 85764 6232109056 "GET /api/polls/2/ HTTP/1.1" 200 485
INFO 2025-09-07 12:09:36,076 basehttp 85764 6248935424 "GET /api/polls/2/ HTTP/1.1" 200 485
INFO 2025-09-07 12:09:37,182 basehttp 85764 6198456320 "GET /api/polls/ HTTP/1.1" 200 876
INFO 2025-09-07 12:09:37,187 basehttp 85764 6215282688 "GET /api/polls/ HTTP/1.1" 200 876
INFO 2025-09-07 12:11:45,744 basehttp 85764 6232109056 "GET /api/polls/ HTTP/1.1" 200 876
INFO 2025-09-07 12:11:45,764 basehttp 85764 6248935424 "GET /api/polls/ HTTP/1.1" 200 876
INFO 2025-09-07 12:12:01,617 basehttp 85764 6198456320 "GET /api/polls/ HTTP/1.1" 200 876
INFO 2025-09-07 12:12:11,520 basehttp 85764 6215282688 "GET /api/polls/ HTTP/1.1" 200 876
INFO 2025-09-07 12:13:50,520 basehttp 85764 6232109056 "GET /api/polls/ HTTP/1.1" 200 876
INFO 2025-09-07 12:15:51,708 basehttp 85764 6248935424 "POST /api/polls/create/ HTTP/1.1" 201 664
INFO 2025-09-07 12:15:51,809 basehttp 85764 6248935424 "OPTIONS /api/polls/3/ HTTP/1.1" 200 0
INFO 2025-09-07 12:15:51,821 basehttp 85764 6248935424 "OPTIONS /api/polls/3/ HTTP/1.1" 200 0
INFO 2025-09-07 12:15:51,830 basehttp 85764 6198456320 "GET /api/polls/3/ HTTP/1.1" 200 664
INFO 2025-09-07 12:15:51,847 basehttp 85764 6248935424 "GET /api/polls/3/ HTTP/1.1" 200 664
INFO 2025-09-07 12:16:09,855 basehttp 85764 6215282688 "GET /api/polls/ HTTP/1.1" 200 1541
INFO 2025-09-07 12:16:09,860 basehttp 85764 6232109056 "GET /api/polls/ HTTP/1.1" 200 1541
INFO 2025-09-07 12:16:57,948 basehttp 85764 6198456320 "GET /api/polls/3/ HTTP/1.1" 200 664
INFO 2025-09-07 12:16:57,953 basehttp 85764 6215282688 "GET /api/polls/3/ HTTP/1.1" 200 664
INFO 2025-09-07 12:16:59,303 basehttp 85764 6215282688 "GET /api/polls/ HTTP/1.1" 200 1541
INFO 2025-09-07 12:16:59,312 basehttp 85764 6198456320 "GET /api/polls/ HTTP/1.1" 200 1541
INFO 2025-09-07 12:17:02,134 basehttp 85764 6232109056 "GET /api/polls/ HTTP/1.1" 200 1541
INFO 2025-09-07 12:17:02,142 basehttp 85764 6198456320 "GET /api/polls/ HTTP/1.1" 200 1541
INFO 2025-09-07 12:17:05,789 basehttp 85764 6232109056 "OPTIONS /api/polls/1/ HTTP/1.1" 200 0
INFO 2025-09-07 12:17:05,793 basehttp 85764 6198456320 "OPTIONS /api/polls/1/ HTTP/1.1" 200 0
INFO 2025-09-07 12:17:05,825 basehttp 85764 6232109056 "GET /api/polls/1/ HTTP/1.1" 200 388
INFO 2025-09-07 12:17:05,849 basehttp 85764 6198456320 "GET /api/polls/1/ HTTP/1.1" 200 388
INFO 2025-09-07 12:17:06,804 basehttp 85764 6215282688 "GET /api/polls/ HTTP/1.1" 200 1541
INFO 2025-09-07 12:17:06,816 basehttp 85764 6232109056 "GET /api/polls/ HTTP/1.1" 200 1541
WARNING 2025-09-07 12:17:39,105 log 85764 6198456320 Not Found: /
WARNING 2025-09-07 12:17:39,107 basehttp 85764 6198456320 "GET / HTTP/1.1" 404 2307
INFO 2025-09-07 12:17:44,940 basehttp 85764 6215282688 "GET /admin/ HTTP/1.1" 200 8295
INFO 2025-09-07 12:17:49,899 basehttp 85764 6198456320 "GET /admin/core/poll/ HTTP/1.1" 200 15206
INFO 2025-09-07 12:17:49,985 basehttp 85764 6248935424 "GET /static/admin/js/jquery.init.js HTTP/1.1" 200 347
INFO 2025-09-07 12:17:49,986 basehttp 85764 6265761792 "GET /static/admin/js/core.js HTTP/1.1" 200 6208
INFO 2025-09-07 12:17:49,987 basehttp 85764 6198456320 "GET /static/admin/css/changelists.css HTTP/1.1" 200 6878
INFO 2025-09-07 12:17:49,989 basehttp 85764 6215282688 "GET /admin/jsi18n/ HTTP/1.1" 200 3342
INFO 2025-09-07 12:17:49,989 basehttp 85764 6282588160 "GET /static/admin/js/admin/RelatedObjectLookups.js HTTP/1.1" 200 9777
INFO 2025-09-07 12:17:49,990 basehttp 85764 6248935424 "GET /static/admin/js/actions.js HTTP/1.1" 200 8076
INFO 2025-09-07 12:17:49,993 basehttp 85764 6265761792 "GET /static/admin/js/urlify.js HTTP/1.1" 200 7887
INFO 2025-09-07 12:17:49,995 basehttp 85764 6198456320 "GET /static/admin/js/prepopulate.js HTTP/1.1" 200 1531
INFO 2025-09-07 12:17:49,996 basehttp 85764 6248935424 "GET /static/admin/img/icon-yes.svg HTTP/1.1" 200 436
INFO 2025-09-07 12:17:49,997 basehttp 85764 6282588160 "GET /static/admin/img/search.svg HTTP/1.1" 200 458
INFO 2025-09-07 12:17:50,002 basehttp 85764 6215282688 "GET /static/admin/js/vendor/xregexp/xregexp.js HTTP/1.1" 200 325171
INFO 2025-09-07 12:17:50,002 basehttp 85764 6232109056 "GET /static/admin/js/vendor/jquery/jquery.js HTTP/1.1" 200 285314
INFO 2025-09-07 12:17:50,005 basehttp 85764 6215282688 "GET /static/admin/js/filters.js HTTP/1.1" 200 978
INFO 2025-09-07 12:17:50,028 basehttp 85764 6282588160 "GET /static/admin/img/icon-viewlink.svg HTTP/1.1" 200 581
INFO 2025-09-07 12:17:50,028 basehttp 85764 6232109056 "GET /static/admin/img/sorting-icons.svg HTTP/1.1" 200 1097
INFO 2025-09-07 12:17:50,029 basehttp 85764 6215282688 "GET /static/admin/img/tooltag-add.svg HTTP/1.1" 200 331
INFO 2025-09-07 12:17:58,805 basehttp 85764 6198456320 "GET /admin/core/poll/3/change/ HTTP/1.1" 200 19977
INFO 2025-09-07 12:17:58,838 basehttp 85764 6232109056 "GET /static/admin/js/calendar.js HTTP/1.1" 200 9141
INFO 2025-09-07 12:17:58,839 basehttp 85764 6198456320 "GET /static/admin/css/forms.css HTTP/1.1" 200 8525
INFO 2025-09-07 12:17:58,843 basehttp 85764 6265761792 "GET /static/admin/js/prepopulate_init.js HTTP/1.1" 200 586
INFO 2025-09-07 12:17:58,844 basehttp 85764 6248935424 "GET /static/admin/js/admin/DateTimeShortcuts.js HTTP/1.1" 200 19319
INFO 2025-09-07 12:17:58,845 basehttp 85764 6215282688 "GET /admin/jsi18n/ HTTP/1.1" 200 3342
INFO 2025-09-07 12:17:58,846 basehttp 85764 6198456320 "GET /static/admin/css/widgets.css HTTP/1.1" 200 11991
INFO 2025-09-07 12:17:58,864 basehttp 85764 6198456320 "GET /static/admin/js/change_form.js HTTP/1.1" 200 606
INFO 2025-09-07 12:17:58,897 basehttp 85764 6215282688 "GET /static/admin/img/icon-clock.svg HTTP/1.1" 200 677
INFO 2025-09-07 12:17:58,897 basehttp 85764 6198456320 "GET /static/admin/img/icon-calendar.svg HTTP/1.1" 200 1086
INFO 2025-09-07 12:18:04,377 basehttp 85764 6282588160 "GET /static/admin/img/calendar-icons.svg HTTP/1.1" 200 2455
INFO 2025-09-07 12:18:19,009 basehttp 85764 6299414528 "POST /admin/core/poll/3/change/ HTTP/1.1" 302 0
INFO 2025-09-07 12:18:19,029 basehttp 85764 6299414528 "GET /admin/core/poll/ HTTP/1.1" 200 15409
INFO 2025-09-07 12:18:19,102 basehttp 85764 6299414528 "GET /admin/jsi18n/ HTTP/1.1" 200 3342
INFO 2025-09-07 12:18:35,774 basehttp 85764 6215282688 "GET /api/polls/ HTTP/1.1" 200 1558
INFO 2025-09-07 12:18:35,780 basehttp 85764 6232109056 "GET /api/polls/ HTTP/1.1" 200 1558
INFO 2025-09-07 12:18:38,461 basehttp 85764 6248935424 "GET /api/polls/3/ HTTP/1.1" 200 681
INFO 2025-09-07 12:18:38,487 basehttp 85764 6265761792 "GET /api/polls/3/ HTTP/1.1" 200 681
INFO 2025-09-07 12:18:40,425 basehttp 85764 6265761792 "GET /api/polls/ HTTP/1.1" 200 1558
INFO 2025-09-07 12:18:40,441 basehttp 85764 6248935424 "GET /api/polls/ HTTP/1.1" 200 1558
INFO 2025-09-07 12:26:02,757 basehttp 85764 6215282688 "OPTIONS /api/auth/forgot/ HTTP/1.1" 200 0
INFO 2025-09-07 12:26:02,874 basehttp 85764 6215282688 "POST /api/auth/forgot/ HTTP/1.1" 200 65
INFO 2025-09-07 12:28:39,454 autoreload 85764 8402542784 /Users/sumesh/Documents/Projects/Red/RedCurtainsWebBackend/core/views.py changed, reloading.
INFO 2025-09-07 12:28:40,232 autoreload 25261 8402542784 Watching for file changes with StatReloader
INFO 2025-09-07 12:28:52,630 autoreload 25261 8402542784 /Users/sumesh/Documents/Projects/Red/RedCurtainsWebBackend/core/views.py changed, reloading.
INFO 2025-09-07 12:28:53,154 autoreload 25443 8402542784 Watching for file changes with StatReloader
INFO 2025-09-07 12:29:02,107 autoreload 25443 8402542784 /Users/sumesh/Documents/Projects/Red/RedCurtainsWebBackend/core/views.py changed, reloading.
INFO 2025-09-07 12:29:02,812 autoreload 25580 8402542784 Watching for file changes with StatReloader
INFO 2025-09-07 12:30:17,584 autoreload 25580 8402542784 /Users/sumesh/Documents/Projects/Red/RedCurtainsWebBackend/core/email_service.py changed, reloading.
INFO 2025-09-07 12:30:18,031 autoreload 26921 8402542784 Watching for file changes with StatReloader
ERROR 2025-09-07 12:32:36,501 email_service 26921 6196228096 Failed to send OTP email to officialsumesh07@gmail.com: [SSL: CERTIFICATE_VERIFY_FAILED] certificate verify failed: self-signed certificate in certificate chain (_ssl.c:1028)
ERROR 2025-09-07 12:32:36,516 log 26921 6196228096 Internal Server Error: /api/auth/forgot/
ERROR 2025-09-07 12:32:36,517 basehttp 26921 6196228096 "POST /api/auth/forgot/ HTTP/1.1" 500 57
ERROR 2025-09-07 12:33:02,045 email_service 26921 6196228096 Failed to send OTP email to officialsumesh07@gmail.com: [SSL: CERTIFICATE_VERIFY_FAILED] certificate verify failed: self-signed certificate in certificate chain (_ssl.c:1028)
ERROR 2025-09-07 12:33:02,049 log 26921 6196228096 Internal Server Error: /api/auth/forgot/
ERROR 2025-09-07 12:33:02,050 basehttp 26921 6196228096 "POST /api/auth/forgot/ HTTP/1.1" 500 57
INFO 2025-09-07 12:33:21,653 autoreload 26921 8402542784 /Users/sumesh/Documents/Projects/Red/RedCurtainsWebBackend/core/email_service.py changed, reloading.
INFO 2025-09-07 12:33:22,055 autoreload 29386 8402542784 Watching for file changes with StatReloader
INFO 2025-09-07 12:33:35,551 autoreload 29386 8402542784 /Users/sumesh/Documents/Projects/Red/RedCurtainsWebBackend/moviepoll/settings.py changed, reloading.
INFO 2025-09-07 12:33:35,887 autoreload 29584 8402542784 Watching for file changes with StatReloader
INFO 2025-09-07 12:33:49,309 autoreload 29584 8402542784 /Users/sumesh/Documents/Projects/Red/RedCurtainsWebBackend/moviepoll/settings.py changed, reloading.
INFO 2025-09-07 12:33:49,637 autoreload 29773 8402542784 Watching for file changes with StatReloader
INFO 2025-09-07 12:33:59,979 autoreload 29773 8402542784 /Users/sumesh/Documents/Projects/Red/RedCurtainsWebBackend/moviepoll/settings.py changed, reloading.
INFO 2025-09-07 12:34:00,363 autoreload 29916 8402542784 Watching for file changes with StatReloader
INFO 2025-09-07 12:34:29,344 email_service 30629 8402542784 OTP email sent successfully to test@example.com
INFO 2025-09-07 12:34:29,345 email_service 30629 8402542784 Password reset confirmation email sent successfully to test@example.com
INFO 2025-09-07 12:34:52,833 autoreload 29916 8402542784 /Users/sumesh/Documents/Projects/Red/RedCurtainsWebBackend/core/email_backend.py changed, reloading.
INFO 2025-09-07 12:34:53,471 autoreload 31030 8402542784 Watching for file changes with StatReloader
INFO 2025-09-07 12:34:57,681 autoreload 31030 8402542784 /Users/sumesh/Documents/Projects/Red/RedCurtainsWebBackend/moviepoll/settings.py changed, reloading.
INFO 2025-09-07 12:34:58,318 autoreload 31094 8402542784 Watching for file changes with StatReloader
INFO 2025-09-07 12:35:24,966 email_service 31240 8402542784 OTP email sent successfully to officialsumesh07@gmail.com
INFO 2025-09-07 12:35:43,967 email_service 31240 8402542784 Password reset confirmation email sent successfully to officialsumesh07@gmail.com
INFO 2025-09-07 12:35:53,162 autoreload 31094 8402542784 /Users/sumesh/Documents/Projects/Red/RedCurtainsWebBackend/moviepoll/settings.py changed, reloading.
INFO 2025-09-07 12:35:53,567 autoreload 31991 8402542784 Watching for file changes with StatReloader
INFO 2025-09-07 12:35:54,687 autoreload 31991 8402542784 /Users/sumesh/Documents/Projects/Red/RedCurtainsWebBackend/moviepoll/settings.py changed, reloading.
INFO 2025-09-07 12:35:54,914 autoreload 32016 8402542784 Watching for file changes with StatReloader
INFO 2025-09-07 12:36:40,139 email_service 32016 6162231296 OTP email sent successfully to officialsumesh07@gmail.com
INFO 2025-09-07 12:36:40,156 basehttp 32016 6162231296 "POST /api/auth/forgot/ HTTP/1.1" 200 52
INFO 2025-09-07 12:37:06,089 basehttp 32016 6162231296 "OPTIONS /api/auth/verify-otp/ HTTP/1.1" 200 0
INFO 2025-09-07 12:37:06,094 basehttp 32016 6162231296 "POST /api/auth/verify-otp/ HTTP/1.1" 200 39
INFO 2025-09-07 12:37:15,982 basehttp 32016 6179057664 "OPTIONS /api/auth/reset-password/ HTTP/1.1" 200 0
WARNING 2025-09-07 12:37:16,006 log 32016 6179057664 Bad Request: /api/auth/reset-password/
WARNING 2025-09-07 12:37:16,006 basehttp 32016 6179057664 "POST /api/auth/reset-password/ HTTP/1.1" 400 26
INFO 2025-09-07 12:39:01,541 autoreload 32016 8402542784 /Users/sumesh/Documents/Projects/Red/RedCurtainsWebBackend/core/views.py changed, reloading.
INFO 2025-09-07 12:39:02,064 autoreload 34493 8402542784 Watching for file changes with StatReloader
INFO 2025-09-07 12:39:09,398 autoreload 34493 8402542784 /Users/sumesh/Documents/Projects/Red/RedCurtainsWebBackend/core/views.py changed, reloading.
INFO 2025-09-07 12:39:09,955 autoreload 34611 8402542784 Watching for file changes with StatReloader
INFO 2025-09-07 12:39:19,716 autoreload 34611 8402542784 /Users/sumesh/Documents/Projects/Red/RedCurtainsWebBackend/core/views.py changed, reloading.
INFO 2025-09-07 12:39:20,042 autoreload 34756 8402542784 Watching for file changes with StatReloader
INFO 2025-09-07 12:39:38,571 views 34756 6164066304 Reset password request data: {'email': 'officialsumesh07@gmail.com', 'otp': '794336', 'newPassword': '123456'}
ERROR 2025-09-07 12:39:38,604 views 34756 6164066304 Reset password validation errors: {'newPassword': [ErrorDetail(string='This password is too short. It must contain at least 8 characters.', code='password_too_short'), ErrorDetail(string='This password is too common.', code='password_too_common'), ErrorDetail(string='This password is entirely numeric.', code='password_entirely_numeric')]}
WARNING 2025-09-07 12:39:38,606 log 34756 6164066304 Bad Request: /api/auth/reset-password/
WARNING 2025-09-07 12:39:38,606 basehttp 34756 6164066304 "POST /api/auth/reset-password/ HTTP/1.1" 400 190
INFO 2025-09-07 12:40:14,070 views 34756 6164066304 Reset password request data: {'email': 'officialsumesh07@gmail.com', 'otp': '794336', 'newPassword': 'qwerty12345'}
ERROR 2025-09-07 12:40:14,079 views 34756 6164066304 Reset password validation errors: {'newPassword': [ErrorDetail(string='This password is too common.', code='password_too_common')]}
WARNING 2025-09-07 12:40:14,087 log 34756 6164066304 Bad Request: /api/auth/reset-password/
WARNING 2025-09-07 12:40:14,091 basehttp 34756 6164066304 "POST /api/auth/reset-password/ HTTP/1.1" 400 84
INFO 2025-09-07 12:40:23,307 views 34756 6180892672 Reset password request data: {'email': 'officialsumesh07@gmail.com', 'otp': '794336', 'newPassword': 'qwerty12345cv'}
WARNING 2025-09-07 12:40:23,312 log 34756 6180892672 Bad Request: /api/auth/reset-password/
WARNING 2025-09-07 12:40:23,316 basehttp 34756 6180892672 "POST /api/auth/reset-password/ HTTP/1.1" 400 36
INFO 2025-09-07 12:40:30,947 autoreload 34756 8402542784 /Users/sumesh/Documents/Projects/Red/RedCurtainsWebBackend/core/views.py changed, reloading.
INFO 2025-09-07 12:40:31,366 autoreload 35718 8402542784 Watching for file changes with StatReloader
INFO 2025-09-07 12:40:48,122 autoreload 35718 8402542784 /Users/sumesh/Documents/Projects/Red/RedCurtainsWebBackend/core/serializers.py changed, reloading.
INFO 2025-09-07 12:40:48,540 autoreload 35956 8402542784 Watching for file changes with StatReloader
INFO 2025-09-07 12:40:53,759 autoreload 35956 8402542784 /Users/sumesh/Documents/Projects/Red/RedCurtainsWebBackend/core/serializers.py changed, reloading.
INFO 2025-09-07 12:40:54,355 autoreload 36043 8402542784 Watching for file changes with StatReloader
INFO 2025-09-07 12:42:23,044 autoreload 36043 8402542784 /Users/sumesh/Documents/Projects/Red/RedCurtainsWebBackend/core/views.py changed, reloading.
INFO 2025-09-07 12:42:23,577 autoreload 37272 8402542784 Watching for file changes with StatReloader
INFO 2025-09-07 12:43:05,698 email_service 37272 6132477952 OTP email sent successfully to officialsumesh07@gmail.com
INFO 2025-09-07 12:43:05,700 basehttp 37272 6132477952 "POST /api/auth/forgot/ HTTP/1.1" 200 52
INFO 2025-09-07 12:43:55,693 email_service 37272 6132477952 OTP email sent successfully to officialsumesh07@gmail.com
INFO 2025-09-07 12:43:55,696 basehttp 37272 6132477952 "POST /api/auth/forgot/ HTTP/1.1" 200 52
INFO 2025-09-07 12:44:19,513 basehttp 37272 6149304320 "POST /api/auth/verify-otp/ HTTP/1.1" 200 39
INFO 2025-09-07 12:44:29,100 views 37272 6166130688 Reset password request data: {'email': 'officialsumesh07@gmail.com', 'otp': '633989', 'newPassword': 'qwerty'}
INFO 2025-09-07 12:44:52,192 email_service 37272 6166130688 Password reset confirmation email sent successfully to officialsumesh07@gmail.com
INFO 2025-09-07 12:44:52,196 basehttp 37272 6166130688 "POST /api/auth/reset-password/ HTTP/1.1" 200 43
INFO 2025-09-07 12:45:23,107 basehttp 37272 6182957056 "POST /api/auth/login/ HTTP/1.1" 200 629
INFO 2025-09-07 12:45:25,138 basehttp 37272 6132477952 "GET /api/polls/ HTTP/1.1" 200 1558
INFO 2025-09-07 12:45:25,191 basehttp 37272 6132477952 "GET /api/polls/ HTTP/1.1" 200 1558
INFO 2025-09-07 12:54:22,436 autoreload 37272 8402542784 /Users/sumesh/Documents/Projects/Red/RedCurtainsWebBackend/core/serializers.py changed, reloading.
INFO 2025-09-07 12:54:22,942 autoreload 47852 8402542784 Watching for file changes with StatReloader
INFO 2025-09-07 12:54:29,214 autoreload 47852 8402542784 /Users/sumesh/Documents/Projects/Red/RedCurtainsWebBackend/core/views.py changed, reloading.
INFO 2025-09-07 12:54:29,921 autoreload 47959 8402542784 Watching for file changes with StatReloader
INFO 2025-09-07 12:54:33,085 autoreload 47959 8402542784 /Users/sumesh/Documents/Projects/Red/RedCurtainsWebBackend/core/views.py changed, reloading.
INFO 2025-09-07 12:54:33,361 autoreload 48011 8402542784 Watching for file changes with StatReloader
INFO 2025-09-07 12:55:57,077 autoreload 49605 8402542784 Watching for file changes with StatReloader
INFO 2025-09-07 12:56:48,341 autoreload 50834 8402542784 Watching for file changes with StatReloader
INFO 2025-09-07 12:59:45,048 autoreload 50834 8402542784 /Users/sumesh/Documents/Projects/Red/RedCurtainsWebBackend/core/views.py changed, reloading.
INFO 2025-09-07 12:59:47,204 autoreload 53180 8402542784 Watching for file changes with StatReloader
INFO 2025-09-07 12:59:49,484 autoreload 53180 8402542784 /Users/sumesh/Documents/Projects/Red/RedCurtainsWebBackend/core/views.py changed, reloading.
INFO 2025-09-07 12:59:49,839 autoreload 53243 8402542784 Watching for file changes with StatReloader
INFO 2025-09-07 12:59:53,105 autoreload 53243 8402542784 /Users/sumesh/Documents/Projects/Red/RedCurtainsWebBackend/core/views.py changed, reloading.
INFO 2025-09-07 12:59:53,373 autoreload 53303 8402542784 Watching for file changes with StatReloader
INFO 2025-09-07 13:01:39,585 autoreload 53303 8402542784 /Users/sumesh/Documents/Projects/Red/RedCurtainsWebBackend/core/views.py changed, reloading.
INFO 2025-09-07 13:01:40,027 autoreload 54732 8402542784 Watching for file changes with StatReloader
INFO 2025-09-07 13:01:46,406 autoreload 54732 8402542784 /Users/sumesh/Documents/Projects/Red/RedCurtainsWebBackend/core/views.py changed, reloading.
INFO 2025-09-07 13:01:47,010 autoreload 54839 8402542784 Watching for file changes with StatReloader
INFO 2025-09-07 13:02:12,971 autoreload 54839 8402542784 /Users/sumesh/Documents/Projects/Red/RedCurtainsWebBackend/core/views.py changed, reloading.
INFO 2025-09-07 13:02:13,599 autoreload 55198 8402542784 Watching for file changes with StatReloader
INFO 2025-09-07 13:03:24,975 autoreload 55198 8402542784 /Users/sumesh/Documents/Projects/Red/RedCurtainsWebBackend/core/views.py changed, reloading.
INFO 2025-09-07 13:03:25,503 autoreload 56157 8402542784 Watching for file changes with StatReloader
INFO 2025-09-07 13:03:28,740 autoreload 56157 8402542784 /Users/sumesh/Documents/Projects/Red/RedCurtainsWebBackend/core/views.py changed, reloading.
INFO 2025-09-07 13:03:29,046 autoreload 56212 8402542784 Watching for file changes with StatReloader
INFO 2025-09-07 13:03:37,472 autoreload 56212 8402542784 /Users/sumesh/Documents/Projects/Red/RedCurtainsWebBackend/core/views.py changed, reloading.
INFO 2025-09-07 13:03:37,773 autoreload 56330 8402542784 Watching for file changes with StatReloader
INFO 2025-09-07 13:03:42,617 autoreload 56736 8402542784 Watching for file changes with StatReloader
INFO 2025-09-07 13:06:11,000 basehttp 56736 6161854464 "OPTIONS /api/auth/google/ HTTP/1.1" 200 0
INFO 2025-09-07 13:06:11,271 basehttp 56736 6161854464 "POST /api/auth/google/ HTTP/1.1" 200 645
INFO 2025-09-07 13:06:14,400 basehttp 56736 6161854464 "GET /api/polls/ HTTP/1.1" 200 1558
INFO 2025-09-07 13:06:14,410 basehttp 56736 6179827712 "GET /api/polls/ HTTP/1.1" 200 1558
INFO 2025-09-07 13:06:17,397 basehttp 56736 6179254272 "GET /api/polls/2/ HTTP/1.1" 200 485
INFO 2025-09-07 13:06:17,407 basehttp 56736 6196654080 "GET /api/polls/2/ HTTP/1.1" 200 485
WARNING 2025-09-07 13:06:19,300 log 56736 6196654080 Bad Request: /api/polls/2/vote/
WARNING 2025-09-07 13:06:19,301 basehttp 56736 6196654080 "POST /api/polls/2/vote/ HTTP/1.1" 400 49
